<?xml version="1.0" encoding="UTF-8"?>
<testng-results ignored="0" total="1" passed="1" failed="0" skipped="0">
  <reporter-output>
  </reporter-output>
  <suite started-at="2026-03-24T01:39:53 IST" name="Suite" finished-at="2026-03-24T01:40:00 IST" duration-ms="7532">
    <groups>
    </groups>
    <test started-at="2026-03-24T01:39:53 IST" name="Test" finished-at="2026-03-24T01:40:00 IST" duration-ms="7532">
      <class name="com.demo.TestDemo">
        <test-method signature="testGoogle()[pri:0, instance:com.demo.TestDemo@5bd03f44]" started-at="2026-03-24T01:39:53 IST" name="testGoogle" finished-at="2026-03-24T01:40:00 IST" duration-ms="7509" status="PASS">
          <reporter-output>
          </reporter-output>
        </test-method> <!-- testGoogle -->
      </class> <!-- com.demo.TestDemo -->
    </test> <!-- Test -->
  </suite> <!-- Suite -->
</testng-results>
